<?xml version="1.0" encoding="UTF-8"?>
<!-- Generated by org.testng.reporters.JUnitXMLReporter -->
<testsuite hostname="VIVAAN-NAINA-TUSHAR" ignored="0" tests="8" failures="0" timestamp="15 Jun 2018 16:25:48 GMT" time="28.239" errors="0">
  <testcase name="CreateGistTest" time="4.536" classname="APITest"/>
  <testcase name="ReadGistTest" time="1.44" classname="APITest"/>
  <testcase name="ValidateGistContentTest" time="1.836" classname="APITest"/>
  <testcase name="CreateCommentGistTest" time="3.571" classname="APITest"/>
  <testcase name="ForkGistTest" time="8.389" classname="APITest"/>
  <testcase name="StarGistTest" time="3.45" classname="APITest"/>
  <testcase name="UnStarGistTest" time="2.076" classname="APITest"/>
  <testcase name="DeleteGistTest" time="2.9" classname="APITest"/>
</testsuite>
